0 info it worked if it ends with ok
1 verbose cli [ 'node', '/usr/local/bin/npm', 'install', '-d' ]
2 info using npm@1.4.28
3 info using node@v0.10.35
4 verbose readDependencies using package.json deps
5 verbose install where, deps [ '/Users/jaelee/Projects/blog',
5 verbose install   [ 'body-parser',
5 verbose install     'cookie-parser',
5 verbose install     'debug',
5 verbose install     'express',
5 verbose install     'jade',
5 verbose install     'mongodb',
5 verbose install     'mongoskin',
5 verbose install     'morgan',
5 verbose install     'socket-io',
5 verbose install     'serve-favicon',
5 verbose install     'stylus' ] ]
6 info preinstall blog@0.0.0
7 warn package.json util@0.10.3 util is also the name of a node core module.
8 verbose readDependencies using package.json deps
9 verbose already installed skipping cookie-parser@~1.3.3 /Users/jaelee/Projects/blog
10 verbose already installed skipping debug@~2.1.1 /Users/jaelee/Projects/blog
11 verbose already installed skipping express@~4.10.6 /Users/jaelee/Projects/blog
12 verbose already installed skipping jade@~1.8.2 /Users/jaelee/Projects/blog
13 verbose already installed skipping mongodb@^2.0.13 /Users/jaelee/Projects/blog
14 verbose already installed skipping mongoskin@~1.4.1 /Users/jaelee/Projects/blog
15 verbose already installed skipping morgan@~1.5.1 /Users/jaelee/Projects/blog
16 verbose cache add [ 'socket-io@*', null ]
17 verbose cache add name=undefined spec="socket-io@*" args=["socket-io@*",null]
18 verbose parsed url { protocol: null,
18 verbose parsed url   slashes: null,
18 verbose parsed url   auth: null,
18 verbose parsed url   host: null,
18 verbose parsed url   port: null,
18 verbose parsed url   hostname: null,
18 verbose parsed url   hash: null,
18 verbose parsed url   search: null,
18 verbose parsed url   query: null,
18 verbose parsed url   pathname: 'socket-io@*',
18 verbose parsed url   path: 'socket-io@*',
18 verbose parsed url   href: 'socket-io@*' }
19 verbose already installed skipping serve-favicon@~2.2.0 /Users/jaelee/Projects/blog
20 verbose already installed skipping stylus@^0.42.3 /Users/jaelee/Projects/blog
21 verbose cache add name="socket-io" spec="*" args=["socket-io","*"]
22 verbose parsed url { protocol: null,
22 verbose parsed url   slashes: null,
22 verbose parsed url   auth: null,
22 verbose parsed url   host: null,
22 verbose parsed url   port: null,
22 verbose parsed url   hostname: null,
22 verbose parsed url   hash: null,
22 verbose parsed url   search: null,
22 verbose parsed url   query: null,
22 verbose parsed url   pathname: '*',
22 verbose parsed url   path: '*',
22 verbose parsed url   href: '*' }
23 verbose addNamed [ 'socket-io', '*' ]
24 verbose addNamed [ null, '*' ]
25 verbose already installed skipping body-parser@~1.10.1 /Users/jaelee/Projects/blog
26 silly lockFile 65e09d40-socket-io socket-io@*
27 verbose lock socket-io@* /Users/jaelee/.npm/65e09d40-socket-io.lock
28 silly addNameRange { name: 'socket-io', range: '*', hasData: false }
29 verbose request where is /socket-io
30 verbose request registry https://registry.npmjs.org/
31 verbose request id 787c44d16b839b95
32 verbose url raw /socket-io
33 verbose url resolving [ 'https://registry.npmjs.org/', './socket-io' ]
34 verbose url resolved https://registry.npmjs.org/socket-io
35 verbose request where is https://registry.npmjs.org/socket-io
36 info trying registry request attempt 1 at 15:53:28
37 http GET https://registry.npmjs.org/socket-io
38 http 404 https://registry.npmjs.org/socket-io
39 verbose headers { date: 'Sat, 10 Jan 2015 23:53:29 GMT',
39 verbose headers   server: 'CouchDB/1.5.0 (Erlang OTP/R16B03)',
39 verbose headers   'content-type': 'application/json',
39 verbose headers   'cache-control': 'max-age=0',
39 verbose headers   'content-length': '52',
39 verbose headers   'accept-ranges': 'bytes',
39 verbose headers   via: '1.1 varnish',
39 verbose headers   age: '0',
39 verbose headers   'x-served-by': 'cache-sjc3134-SJC',
39 verbose headers   'x-cache': 'MISS',
39 verbose headers   'x-cache-hits': '0',
39 verbose headers   'x-timer': 'S1420934008.838887,VS0,VE351',
39 verbose headers   'keep-alive': 'timeout=10, max=50',
39 verbose headers   connection: 'Keep-Alive' }
40 silly registry.get cb [ 404,
40 silly registry.get   { date: 'Sat, 10 Jan 2015 23:53:29 GMT',
40 silly registry.get     server: 'CouchDB/1.5.0 (Erlang OTP/R16B03)',
40 silly registry.get     'content-type': 'application/json',
40 silly registry.get     'cache-control': 'max-age=0',
40 silly registry.get     'content-length': '52',
40 silly registry.get     'accept-ranges': 'bytes',
40 silly registry.get     via: '1.1 varnish',
40 silly registry.get     age: '0',
40 silly registry.get     'x-served-by': 'cache-sjc3134-SJC',
40 silly registry.get     'x-cache': 'MISS',
40 silly registry.get     'x-cache-hits': '0',
40 silly registry.get     'x-timer': 'S1420934008.838887,VS0,VE351',
40 silly registry.get     'keep-alive': 'timeout=10, max=50',
40 silly registry.get     connection: 'Keep-Alive' } ]
41 silly lockFile 65e09d40-socket-io socket-io@*
42 silly lockFile 65e09d40-socket-io socket-io@*
43 error 404 404 Not Found: socket-io
43 error 404
43 error 404 'socket-io' is not in the npm registry.
43 error 404 You should bug the author to publish it
43 error 404 It was specified as a dependency of 'blog'
43 error 404
43 error 404 Note that you can also install from a
43 error 404 tarball, folder, or http url, or git url.
44 error System Darwin 14.0.0
45 error command "node" "/usr/local/bin/npm" "install" "-d"
46 error cwd /Users/jaelee/Projects/blog/app/models
47 error node -v v0.10.35
48 error npm -v 1.4.28
49 error code E404
50 verbose exit [ 1, true ]
